<?xml version="1.0" encoding="UTF-8"?>
<coverage generated="1662411121">
    <project timestamp="1662411121">
        <file name="/Users/redbull/Projects/poc/cli-manage-student/src/App.php">
            <class name="Studoo\App" namespace="global">
                <metrics complexity="1" methods="1" coveredmethods="0" conditionals="0" coveredconditionals="0"
                         statements="6" coveredstatements="0" elements="7" coveredelements="0"/>
            </class>
            <line num="9" type="method" name="__construct" visibility="public" complexity="1" crap="2" count="0"/>
            <line num="11" type="stmt" count="0"/>
            <line num="13" type="stmt" count="0"/>
            <line num="14" type="stmt" count="0"/>
            <line num="15" type="stmt" count="0"/>
            <line num="17" type="stmt" count="0"/>
            <line num="19" type="stmt" count="0"/>
            <metrics loc="23" ncloc="23" classes="1" methods="1" coveredmethods="0" conditionals="0"
                     coveredconditionals="0" statements="6" coveredstatements="0" elements="7" coveredelements="0"/>
        </file>
        <file name="/Users/redbull/Projects/poc/cli-manage-student/src/Command/CommandManage.php">
            <class name="Studoo\Command\CommandManage" namespace="global">
                <metrics complexity="5" methods="2" coveredmethods="1" conditionals="0" coveredconditionals="0"
                         statements="7" coveredstatements="5" elements="9" coveredelements="6"/>
            </class>
            <line num="14" type="method" name="initialize" visibility="protected" complexity="4" crap="4.59"
                  count="11"/>
            <line num="16" type="stmt" count="11"/>
            <line num="19" type="stmt" count="11"/>
            <line num="20" type="stmt" count="0"/>
            <line num="21" type="stmt" count="11"/>
            <line num="22" type="stmt" count="0"/>
            <line num="25" type="stmt" count="11"/>
            <line num="28" type="method" name="getStdOutPut" visibility="public" complexity="1" crap="1" count="9"/>
            <line num="30" type="stmt" count="9"/>
            <metrics loc="33" ncloc="32" classes="1" methods="2" coveredmethods="1" conditionals="0"
                     coveredconditionals="0" statements="7" coveredstatements="5" elements="9" coveredelements="6"/>
        </file>
        <file name="/Users/redbull/Projects/poc/cli-manage-student/src/Command/CreateFileDefaultCommand.php">
            <class name="Studoo\Command\CreateFileDefaultCommand" namespace="global">
                <metrics complexity="3" methods="1" coveredmethods="0" conditionals="0" coveredconditionals="0"
                         statements="16" coveredstatements="15" elements="17" coveredelements="15"/>
            </class>
            <line num="27" type="method" name="execute" visibility="protected" complexity="3" crap="3.00" count="2"/>
            <line num="29" type="stmt" count="2"/>
            <line num="30" type="stmt" count="2"/>
            <line num="31" type="stmt" count="2"/>
            <line num="34" type="stmt" count="2"/>
            <line num="35" type="stmt" count="2"/>
            <line num="36" type="stmt" count="2"/>
            <line num="39" type="stmt" count="2"/>
            <line num="40" type="stmt" count="2"/>
            <line num="41" type="stmt" count="2"/>
            <line num="42" type="stmt" count="1"/>
            <line num="47" type="stmt" count="1"/>
            <line num="50" type="stmt" count="1"/>
            <line num="51" type="stmt" count="1"/>
            <line num="53" type="stmt" count="1"/>
            <line num="56" type="stmt" count="1"/>
            <line num="58" type="stmt" count="0"/>
            <metrics loc="60" ncloc="60" classes="1" methods="1" coveredmethods="0" conditionals="0"
                     coveredconditionals="0" statements="16" coveredstatements="15" elements="17" coveredelements="15"/>
        </file>
        <file name="/Users/redbull/Projects/poc/cli-manage-student/src/Command/CreateStudentCommand.php">
            <class name="Studoo\Command\CreateStudentCommand" namespace="global">
                <metrics complexity="5" methods="2" coveredmethods="2" conditionals="0" coveredconditionals="0"
                         statements="23" coveredstatements="23" elements="25" coveredelements="25"/>
            </class>
            <line num="24" type="method" name="configure" visibility="protected" complexity="1" crap="1" count="9"/>
            <line num="26" type="stmt" count="9"/>
            <line num="32" type="method" name="execute" visibility="protected" complexity="4" crap="4" count="9"/>
            <line num="34" type="stmt" count="9"/>
            <line num="35" type="stmt" count="9"/>
            <line num="36" type="stmt" count="9"/>
            <line num="39" type="stmt" count="9"/>
            <line num="40" type="stmt" count="9"/>
            <line num="42" type="stmt" count="9"/>
            <line num="44" type="stmt" count="9"/>
            <line num="47" type="stmt" count="9"/>
            <line num="48" type="stmt" count="9"/>
            <line num="50" type="stmt" count="9"/>
            <line num="51" type="stmt" count="9"/>
            <line num="52" type="stmt" count="9"/>
            <line num="53" type="stmt" count="9"/>
            <line num="54" type="stmt" count="9"/>
            <line num="55" type="stmt" count="9"/>
            <line num="57" type="stmt" count="9"/>
            <line num="58" type="stmt" count="6"/>
            <line num="59" type="stmt" count="6"/>
            <line num="61" type="stmt" count="6"/>
            <line num="64" type="stmt" count="9"/>
            <line num="68" type="stmt" count="9"/>
            <line num="70" type="stmt" count="9"/>
            <metrics loc="72" ncloc="69" classes="1" methods="2" coveredmethods="2" conditionals="0"
                     coveredconditionals="0" statements="23" coveredstatements="23" elements="25" coveredelements="25"/>
        </file>
        <file name="/Users/redbull/Projects/poc/cli-manage-student/src/Command/DefaultCommand.php">
            <class name="Studoo\Command\DefaultCommand" namespace="global">
                <metrics complexity="1" methods="1" coveredmethods="0" conditionals="0" coveredconditionals="0"
                         statements="8" coveredstatements="0" elements="9" coveredelements="0"/>
            </class>
            <line num="16" type="method" name="execute" visibility="protected" complexity="1" crap="2" count="0"/>
            <line num="18" type="stmt" count="0"/>
            <line num="19" type="stmt" count="0"/>
            <line num="24" type="stmt" count="0"/>
            <line num="25" type="stmt" count="0"/>
            <line num="27" type="stmt" count="0"/>
            <line num="28" type="stmt" count="0"/>
            <line num="30" type="stmt" count="0"/>
            <line num="35" type="stmt" count="0"/>
            <metrics loc="37" ncloc="37" classes="1" methods="1" coveredmethods="0" conditionals="0"
                     coveredconditionals="0" statements="8" coveredstatements="0" elements="9" coveredelements="0"/>
        </file>
        <file name="/Users/redbull/Projects/poc/cli-manage-student/src/Entity/Import.php">
            <class name="Studoo\Entity\Import" namespace="global">
                <metrics complexity="9" methods="6" coveredmethods="6" conditionals="0" coveredconditionals="0"
                         statements="13" coveredstatements="13" elements="19" coveredelements="19"/>
            </class>
            <line num="36" type="method" name="getId" visibility="public" complexity="1" crap="1" count="12"/>
            <line num="38" type="stmt" count="12"/>
            <line num="50" type="method" name="setId" visibility="public" complexity="3" crap="3" count="14"/>
            <line num="53" type="stmt" count="14"/>
            <line num="54" type="stmt" count="2"/>
            <line num="56" type="stmt" count="12"/>
            <line num="57" type="stmt" count="12"/>
            <line num="65" type="method" name="getName" visibility="public" complexity="1" crap="1" count="12"/>
            <line num="67" type="stmt" count="12"/>
            <line num="79" type="method" name="setName" visibility="public" complexity="2" crap="2" count="13"/>
            <line num="81" type="stmt" count="13"/>
            <line num="82" type="stmt" count="1"/>
            <line num="84" type="stmt" count="12"/>
            <line num="85" type="stmt" count="12"/>
            <line num="93" type="method" name="getDateCreated" visibility="public" complexity="1" crap="1" count="12"/>
            <line num="95" type="stmt" count="12"/>
            <line num="105" type="method" name="setDateCreated" visibility="public" complexity="1" crap="1" count="12"/>
            <line num="107" type="stmt" count="12"/>
            <line num="108" type="stmt" count="12"/>
            <metrics loc="110" ncloc="52" classes="1" methods="6" coveredmethods="6" conditionals="0"
                     coveredconditionals="0" statements="13" coveredstatements="13" elements="19" coveredelements="19"/>
        </file>
        <file name="/Users/redbull/Projects/poc/cli-manage-student/src/Entity/Repository.php">
            <class name="Studoo\Entity\Repository" namespace="global">
                <metrics complexity="7" methods="6" coveredmethods="6" conditionals="0" coveredconditionals="0"
                         statements="11" coveredstatements="11" elements="17" coveredelements="17"/>
            </class>
            <line num="26" type="method" name="getId" visibility="public" complexity="1" crap="1" count="9"/>
            <line num="28" type="stmt" count="9"/>
            <line num="35" type="method" name="setId" visibility="public" complexity="1" crap="1" count="9"/>
            <line num="37" type="stmt" count="9"/>
            <line num="38" type="stmt" count="9"/>
            <line num="44" type="method" name="getName" visibility="public" complexity="1" crap="1" count="9"/>
            <line num="46" type="stmt" count="9"/>
            <line num="53" type="method" name="setName" visibility="public" complexity="2" crap="2" count="10"/>
            <line num="55" type="stmt" count="10"/>
            <line num="56" type="stmt" count="1"/>
            <line num="58" type="stmt" count="9"/>
            <line num="59" type="stmt" count="9"/>
            <line num="65" type="method" name="getDateCreated" visibility="public" complexity="1" crap="1" count="9"/>
            <line num="67" type="stmt" count="9"/>
            <line num="73" type="method" name="setDateCreated" visibility="public" complexity="1" crap="1" count="9"/>
            <line num="75" type="stmt" count="9"/>
            <line num="76" type="stmt" count="9"/>
            <metrics loc="78" ncloc="50" classes="1" methods="6" coveredmethods="6" conditionals="0"
                     coveredconditionals="0" statements="11" coveredstatements="11" elements="17" coveredelements="17"/>
        </file>
        <file name="/Users/redbull/Projects/poc/cli-manage-student/src/Entity/Student.php">
            <class name="Studoo\Entity\Student" namespace="global">
                <metrics complexity="12" methods="12" coveredmethods="12" conditionals="0" coveredconditionals="0"
                         statements="18" coveredstatements="18" elements="30" coveredelements="30"/>
            </class>
            <line num="17" type="method" name="getId" visibility="public" complexity="1" crap="1" count="1"/>
            <line num="19" type="stmt" count="1"/>
            <line num="26" type="method" name="setId" visibility="public" complexity="1" crap="1" count="1"/>
            <line num="28" type="stmt" count="1"/>
            <line num="29" type="stmt" count="1"/>
            <line num="35" type="method" name="getNom" visibility="public" complexity="1" crap="1" count="20"/>
            <line num="37" type="stmt" count="20"/>
            <line num="44" type="method" name="setNom" visibility="public" complexity="1" crap="1" count="20"/>
            <line num="46" type="stmt" count="20"/>
            <line num="47" type="stmt" count="20"/>
            <line num="53" type="method" name="getPrenom" visibility="public" complexity="1" crap="1" count="20"/>
            <line num="55" type="stmt" count="20"/>
            <line num="62" type="method" name="setPrenom" visibility="public" complexity="1" crap="1" count="20"/>
            <line num="64" type="stmt" count="20"/>
            <line num="65" type="stmt" count="20"/>
            <line num="71" type="method" name="getDateNaissance" visibility="public" complexity="1" crap="1"
                  count="21"/>
            <line num="73" type="stmt" count="21"/>
            <line num="80" type="method" name="setDateNaissance" visibility="public" complexity="1" crap="1"
                  count="21"/>
            <line num="82" type="stmt" count="21"/>
            <line num="83" type="stmt" count="21"/>
            <line num="89" type="method" name="getStatut" visibility="public" complexity="1" crap="1" count="1"/>
            <line num="91" type="stmt" count="1"/>
            <line num="98" type="method" name="setStatut" visibility="public" complexity="1" crap="1" count="4"/>
            <line num="100" type="stmt" count="4"/>
            <line num="101" type="stmt" count="4"/>
            <line num="107" type="method" name="getNumero" visibility="public" complexity="1" crap="1" count="1"/>
            <line num="109" type="stmt" count="1"/>
            <line num="116" type="method" name="setNumero" visibility="public" complexity="1" crap="1" count="4"/>
            <line num="118" type="stmt" count="4"/>
            <line num="119" type="stmt" count="4"/>
            <metrics loc="121" ncloc="79" classes="1" methods="12" coveredmethods="12" conditionals="0"
                     coveredconditionals="0" statements="18" coveredstatements="18" elements="30" coveredelements="30"/>
        </file>
        <file name="/Users/redbull/Projects/poc/cli-manage-student/src/Exception/DateInvalideErrorException.php">
            <class name="Studoo\Exception\DateInvalideErrorException" namespace="global">
                <metrics complexity="0" methods="0" coveredmethods="0" conditionals="0" coveredconditionals="0"
                         statements="0" coveredstatements="0" elements="0" coveredelements="0"/>
            </class>
            <metrics loc="11" ncloc="9" classes="0" methods="0" coveredmethods="0" conditionals="0"
                     coveredconditionals="0" statements="0" coveredstatements="0" elements="0" coveredelements="0"/>
        </file>
        <file name="/Users/redbull/Projects/poc/cli-manage-student/src/Exception/InvalideArgumentException.php">
            <class name="Studoo\Exception\InvalideArgumentException" namespace="global">
                <metrics complexity="0" methods="0" coveredmethods="0" conditionals="0" coveredconditionals="0"
                         statements="0" coveredstatements="0" elements="0" coveredelements="0"/>
            </class>
            <metrics loc="8" ncloc="8" classes="0" methods="0" coveredmethods="0" conditionals="0"
                     coveredconditionals="0" statements="0" coveredstatements="0" elements="0" coveredelements="0"/>
        </file>
        <file name="/Users/redbull/Projects/poc/cli-manage-student/src/Exception/NoTypeErrorException.php">
            <class name="Studoo\Exception\NoTypeErrorException" namespace="global">
                <metrics complexity="0" methods="0" coveredmethods="0" conditionals="0" coveredconditionals="0"
                         statements="0" coveredstatements="0" elements="0" coveredelements="0"/>
            </class>
            <metrics loc="10" ncloc="9" classes="0" methods="0" coveredmethods="0" conditionals="0"
                     coveredconditionals="0" statements="0" coveredstatements="0" elements="0" coveredelements="0"/>
        </file>
        <file name="/Users/redbull/Projects/poc/cli-manage-student/src/Exception/ReadInvalideErrorException.php">
            <class name="Studoo\Exception\ReadInvalideErrorException" namespace="global">
                <metrics complexity="0" methods="0" coveredmethods="0" conditionals="0" coveredconditionals="0"
                         statements="0" coveredstatements="0" elements="0" coveredelements="0"/>
            </class>
            <metrics loc="10" ncloc="9" classes="0" methods="0" coveredmethods="0" conditionals="0"
                     coveredconditionals="0" statements="0" coveredstatements="0" elements="0" coveredelements="0"/>
        </file>
        <file name="/Users/redbull/Projects/poc/cli-manage-student/src/Service/CkeckStack.php">
            <class name="Studoo\Service\CkeckStack" namespace="global">
                <metrics complexity="4" methods="3" coveredmethods="0" conditionals="0" coveredconditionals="0"
                         statements="12" coveredstatements="0" elements="15" coveredelements="0"/>
            </class>
            <line num="20" type="method" name="__construct" visibility="public" complexity="1" crap="2" count="0"/>
            <line num="22" type="stmt" count="0"/>
            <line num="23" type="stmt" count="0"/>
            <line num="31" type="method" name="render" visibility="public" complexity="1" crap="2" count="0"/>
            <line num="33" type="stmt" count="0"/>
            <line num="36" type="stmt" count="0"/>
            <line num="38" type="stmt" count="0"/>
            <line num="39" type="stmt" count="0"/>
            <line num="40" type="stmt" count="0"/>
            <line num="41" type="stmt" count="0"/>
            <line num="51" type="method" name="run" visibility="private" complexity="2" crap="6" count="0"/>
            <line num="53" type="stmt" count="0"/>
            <line num="55" type="stmt" count="0"/>
            <line num="56" type="stmt" count="0"/>
            <line num="58" type="stmt" count="0"/>
            <metrics loc="60" ncloc="44" classes="1" methods="3" coveredmethods="0" conditionals="0"
                     coveredconditionals="0" statements="12" coveredstatements="0" elements="15" coveredelements="0"/>
        </file>
        <file name="/Users/redbull/Projects/poc/cli-manage-student/src/Service/Command/CommandBanner.php">
            <class name="Studoo\Service\Command\CommandBanner" namespace="global">
                <metrics complexity="6" methods="5" coveredmethods="2" conditionals="0" coveredconditionals="0"
                         statements="26" coveredstatements="12" elements="31" coveredelements="14"/>
            </class>
            <line num="31" type="method" name="getBanner" visibility="public" complexity="1" crap="1" count="11"/>
            <line num="33" type="stmt" count="11"/>
            <line num="34" type="stmt" count="11"/>
            <line num="35" type="stmt" count="11"/>
            <line num="44" type="stmt" count="11"/>
            <line num="45" type="stmt" count="11"/>
            <line num="46" type="stmt" count="11"/>
            <line num="47" type="stmt" count="11"/>
            <line num="48" type="stmt" count="11"/>
            <line num="49" type="stmt" count="11"/>
            <line num="50" type="stmt" count="11"/>
            <line num="52" type="stmt" count="11"/>
            <line num="61" type="method" name="getEnd" visibility="public" complexity="1" crap="2" count="0"/>
            <line num="63" type="stmt" count="0"/>
            <line num="64" type="stmt" count="0"/>
            <line num="65" type="stmt" count="0"/>
            <line num="66" type="stmt" count="0"/>
            <line num="67" type="stmt" count="0"/>
            <line num="69" type="stmt" count="0"/>
            <line num="78" type="method" name="execTime" visibility="private" complexity="2" crap="6" count="0"/>
            <line num="81" type="stmt" count="0"/>
            <line num="82" type="stmt" count="0"/>
            <line num="84" type="stmt" count="0"/>
            <line num="86" type="stmt" count="0"/>
            <line num="87" type="stmt" count="0"/>
            <line num="88" type="stmt" count="0"/>
            <line num="91" type="stmt" count="0"/>
            <line num="97" type="method" name="getVersion" visibility="public" complexity="1" crap="2" count="0"/>
            <line num="99" type="stmt" count="0"/>
            <line num="105" type="method" name="setVersion" visibility="public" complexity="1" crap="1" count="11"/>
            <line num="107" type="stmt" count="11"/>
            <metrics loc="109" ncloc="66" classes="1" methods="5" coveredmethods="2" conditionals="0"
                     coveredconditionals="0" statements="26" coveredstatements="12" elements="31" coveredelements="14"/>
        </file>
        <file name="/Users/redbull/Projects/poc/cli-manage-student/src/Service/Command/QuestionType.php">
            <class name="Studoo\Service\Command\QuestionType" namespace="global">
                <metrics complexity="2" methods="2" coveredmethods="2" conditionals="0" coveredconditionals="0"
                         statements="7" coveredstatements="7" elements="9" coveredelements="9"/>
            </class>
            <line num="21" type="method" name="__construct" visibility="public" complexity="1" crap="1" count="11"/>
            <line num="23" type="stmt" count="11"/>
            <line num="24" type="stmt" count="11"/>
            <line num="37" type="method" name="Choice" visibility="public" complexity="1" crap="1" count="11"/>
            <line num="39" type="stmt" count="11"/>
            <line num="43" type="stmt" count="11"/>
            <line num="44" type="stmt" count="11"/>
            <line num="45" type="stmt" count="11"/>
            <line num="47" type="stmt" count="11"/>
            <metrics loc="51" ncloc="35" classes="1" methods="2" coveredmethods="2" conditionals="0"
                     coveredconditionals="0" statements="7" coveredstatements="7" elements="9" coveredelements="9"/>
        </file>
        <file name="/Users/redbull/Projects/poc/cli-manage-student/src/Service/Config/FileConfig.php">
            <class name="Studoo\Service\Config\FileConfig" namespace="global">
                <metrics complexity="1" methods="1" coveredmethods="1" conditionals="0" coveredconditionals="0"
                         statements="1" coveredstatements="1" elements="2" coveredelements="2"/>
            </class>
            <line num="13" type="method" name="__construct" visibility="public" complexity="1" crap="1" count="14"/>
            <line num="15" type="stmt" count="14"/>
            <metrics loc="18" ncloc="18" classes="1" methods="1" coveredmethods="1" conditionals="0"
                     coveredconditionals="0" statements="1" coveredstatements="1" elements="2" coveredelements="2"/>
        </file>
        <file name="/Users/redbull/Projects/poc/cli-manage-student/src/Service/Config/FileLock.php">
            <class name="Studoo\Service\Config\FileLock" namespace="global">
                <metrics complexity="19" methods="14" coveredmethods="10" conditionals="0" coveredconditionals="0"
                         statements="47" coveredstatements="41" elements="61" coveredelements="51"/>
            </class>
            <line num="20" type="method" name="createFileLock" visibility="public" complexity="2" crap="2" count="14"/>
            <line num="22" type="stmt" count="14"/>
            <line num="23" type="stmt" count="14"/>
            <line num="24" type="stmt" count="14"/>
            <line num="25" type="stmt" count="14"/>
            <line num="26" type="stmt" count="14"/>
            <line num="28" type="stmt" count="4"/>
            <line num="29" type="stmt" count="4"/>
            <line num="32" type="stmt" count="14"/>
            <line num="39" type="method" name="loadFileLock" visibility="private" complexity="3" crap="3" count="4"/>
            <line num="41" type="stmt" count="4"/>
            <line num="43" type="stmt" count="4"/>
            <line num="44" type="stmt" count="4"/>
            <line num="46" type="stmt" count="4"/>
            <line num="47" type="stmt" count="2"/>
            <line num="50" type="stmt" count="4"/>
            <line num="51" type="stmt" count="2"/>
            <line num="60" type="method" name="setRepository" visibility="public" complexity="1" crap="1" count="8"/>
            <line num="62" type="stmt" count="8"/>
            <line num="64" type="stmt" count="8"/>
            <line num="71" type="method" name="setImport" visibility="public" complexity="1" crap="1" count="11"/>
            <line num="74" type="stmt" count="11"/>
            <line num="75" type="stmt" count="11"/>
            <line num="77" type="stmt" count="11"/>
            <line num="83" type="method" name="encodeFileLock" visibility="private" complexity="1" crap="1" count="14"/>
            <line num="85" type="stmt" count="14"/>
            <line num="86" type="stmt" count="14"/>
            <line num="87" type="stmt" count="14"/>
            <line num="88" type="stmt" count="14"/>
            <line num="90" type="stmt" count="14"/>
            <line num="93" type="method" name="getListImportToArray" visibility="private" complexity="2" crap="2"
                  count="14"/>
            <line num="95" type="stmt" count="14"/>
            <line num="97" type="stmt" count="14"/>
            <line num="98" type="stmt" count="11"/>
            <line num="99" type="stmt" count="11"/>
            <line num="100" type="stmt" count="11"/>
            <line num="101" type="stmt" count="11"/>
            <line num="104" type="stmt" count="14"/>
            <line num="110" type="method" name="getListRepositoryToArray" visibility="private" complexity="2" crap="2"
                  count="14"/>
            <line num="112" type="stmt" count="14"/>
            <line num="114" type="stmt" count="14"/>
            <line num="115" type="stmt" count="8"/>
            <line num="116" type="stmt" count="8"/>
            <line num="117" type="stmt" count="8"/>
            <line num="120" type="stmt" count="14"/>
            <line num="123" type="method" name="putFileLock" visibility="public" complexity="1" crap="1" count="14"/>
            <line num="125" type="stmt" count="14"/>
            <line num="131" type="method" name="getDateCreated" visibility="public" complexity="1" crap="2" count="0"/>
            <line num="133" type="stmt" count="0"/>
            <line num="139" type="method" name="getDateUpdated" visibility="public" complexity="1" crap="2" count="0"/>
            <line num="141" type="stmt" count="0"/>
            <line num="147" type="method" name="setDateUpdated" visibility="public" complexity="1" crap="2" count="0"/>
            <line num="149" type="stmt" count="0"/>
            <line num="150" type="stmt" count="0"/>
            <line num="156" type="method" name="getListRepository" visibility="public" complexity="1" crap="1"
                  count="2"/>
            <line num="158" type="stmt" count="2"/>
            <line num="165" type="method" name="setListRepository" visibility="public" complexity="1" crap="2"
                  count="0"/>
            <line num="167" type="stmt" count="0"/>
            <line num="168" type="stmt" count="0"/>
            <line num="174" type="method" name="getListImport" visibility="public" complexity="1" crap="1" count="2"/>
            <line num="176" type="stmt" count="2"/>
            <metrics loc="178" ncloc="136" classes="1" methods="14" coveredmethods="10" conditionals="0"
                     coveredconditionals="0" statements="47" coveredstatements="41" elements="61" coveredelements="51"/>
        </file>
        <file name="/Users/redbull/Projects/poc/cli-manage-student/src/Service/Date.php">
            <class name="Studoo\Service\Date" namespace="global">
                <metrics complexity="2" methods="1" coveredmethods="1" conditionals="0" coveredconditionals="0"
                         statements="2" coveredstatements="2" elements="3" coveredelements="3"/>
            </class>
            <line num="22" type="method" name="isValid" visibility="public" complexity="2" crap="2" count="15"/>
            <line num="24" type="stmt" count="15"/>
            <line num="25" type="stmt" count="15"/>
            <metrics loc="29" ncloc="16" classes="1" methods="1" coveredmethods="1" conditionals="0"
                     coveredconditionals="0" statements="2" coveredstatements="2" elements="3" coveredelements="3"/>
        </file>
        <file name="/Users/redbull/Projects/poc/cli-manage-student/src/Service/FileModel/FileModel.php">
            <class name="Studoo\Service\FileModel\FileModel" namespace="global">
                <metrics complexity="0" methods="0" coveredmethods="0" conditionals="0" coveredconditionals="0"
                         statements="0" coveredstatements="0" elements="0" coveredelements="0"/>
            </class>
            <metrics loc="8" ncloc="8" classes="0" methods="0" coveredmethods="0" conditionals="0"
                     coveredconditionals="0" statements="0" coveredstatements="0" elements="0" coveredelements="0"/>
        </file>
        <file name="/Users/redbull/Projects/poc/cli-manage-student/src/Service/FileModel/FileModelInterface.php">
            <metrics loc="27" ncloc="12" classes="0" methods="0" coveredmethods="0" conditionals="0"
                     coveredconditionals="0" statements="0" coveredstatements="0" elements="0" coveredelements="0"/>
        </file>
        <file name="/Users/redbull/Projects/poc/cli-manage-student/src/Service/FileModel/FileModelLoadInterface.php">
            <metrics loc="13" ncloc="8" classes="0" methods="0" coveredmethods="0" conditionals="0"
                     coveredconditionals="0" statements="0" coveredstatements="0" elements="0" coveredelements="0"/>
        </file>
        <file name="/Users/redbull/Projects/poc/cli-manage-student/src/Service/FileModel/FileModelLoadXLSX.php">
            <class name="Studoo\Service\FileModel\FileModelLoadXLSX" namespace="global">
                <metrics complexity="1" methods="1" coveredmethods="1" conditionals="0" coveredconditionals="0"
                         statements="1" coveredstatements="1" elements="2" coveredelements="2"/>
            </class>
            <line num="7" type="method" name="getListFileModel" visibility="public" complexity="1" crap="1" count="9"/>
            <line num="10" type="stmt" count="9"/>
            <metrics loc="15" ncloc="15" classes="1" methods="1" coveredmethods="1" conditionals="0"
                     coveredconditionals="0" statements="1" coveredstatements="1" elements="2" coveredelements="2"/>
        </file>
        <file name="/Users/redbull/Projects/poc/cli-manage-student/src/Service/FileModel/FileModelXLSXFileAcademique.php">
            <class name="Studoo\Service\FileModel\FileModelXLSXFileAcademique" namespace="global">
                <metrics complexity="13" methods="3" coveredmethods="2" conditionals="0" coveredconditionals="0"
                         statements="24" coveredstatements="21" elements="27" coveredelements="23"/>
            </class>
            <line num="13" type="method" name="analyse" visibility="public" complexity="7" crap="7" count="3"/>
            <line num="15" type="stmt" count="3"/>
            <line num="17" type="stmt" count="3"/>
            <line num="18" type="stmt" count="3"/>
            <line num="19" type="stmt" count="3"/>
            <line num="20" type="stmt" count="3"/>
            <line num="21" type="stmt" count="3"/>
            <line num="22" type="stmt" count="3"/>
            <line num="24" type="stmt" count="3"/>
            <line num="25" type="stmt" count="3"/>
            <line num="28" type="stmt" count="3"/>
            <line num="34" type="method" name="getStudents" visibility="public" complexity="5" crap="5.31" count="3"/>
            <line num="36" type="stmt" count="3"/>
            <line num="38" type="stmt" count="3"/>
            <line num="40" type="stmt" count="3"/>
            <line num="41" type="stmt" count="3"/>
            <line num="42" type="stmt" count="3"/>
            <line num="43" type="stmt" count="3"/>
            <line num="45" type="stmt" count="3"/>
            <line num="46" type="stmt" count="0"/>
            <line num="48" type="stmt" count="3"/>
            <line num="50" type="stmt" count="3"/>
            <line num="52" type="stmt" count="0"/>
            <line num="53" type="stmt" count="0"/>
            <line num="57" type="stmt" count="3"/>
            <line num="60" type="method" name="getNameModel" visibility="public" complexity="1" crap="1" count="3"/>
            <line num="62" type="stmt" count="3"/>
            <metrics loc="65" ncloc="62" classes="1" methods="3" coveredmethods="2" conditionals="0"
                     coveredconditionals="0" statements="24" coveredstatements="21" elements="27" coveredelements="23"/>
        </file>
        <file name="/Users/redbull/Projects/poc/cli-manage-student/src/Service/FileModel/FileModelXLSXFileDefault.php">
            <class name="Studoo\Service\FileModel\FileModelXLSXFileDefault" namespace="global">
                <metrics complexity="12" methods="3" coveredmethods="2" conditionals="0" coveredconditionals="0"
                         statements="25" coveredstatements="22" elements="28" coveredelements="24"/>
            </class>
            <line num="13" type="method" name="analyse" visibility="public" complexity="6" crap="6" count="9"/>
            <line num="15" type="stmt" count="9"/>
            <line num="16" type="stmt" count="9"/>
            <line num="17" type="stmt" count="9"/>
            <line num="18" type="stmt" count="9"/>
            <line num="19" type="stmt" count="9"/>
            <line num="20" type="stmt" count="9"/>
            <line num="22" type="stmt" count="3"/>
            <line num="23" type="stmt" count="3"/>
            <line num="26" type="stmt" count="9"/>
            <line num="32" type="method" name="getStudents" visibility="public" complexity="5" crap="5.20" count="3"/>
            <line num="34" type="stmt" count="3"/>
            <line num="36" type="stmt" count="3"/>
            <line num="38" type="stmt" count="3"/>
            <line num="39" type="stmt" count="3"/>
            <line num="40" type="stmt" count="3"/>
            <line num="41" type="stmt" count="3"/>
            <line num="42" type="stmt" count="3"/>
            <line num="43" type="stmt" count="3"/>
            <line num="45" type="stmt" count="3"/>
            <line num="46" type="stmt" count="0"/>
            <line num="48" type="stmt" count="3"/>
            <line num="49" type="stmt" count="3"/>
            <line num="51" type="stmt" count="0"/>
            <line num="52" type="stmt" count="0"/>
            <line num="56" type="stmt" count="3"/>
            <line num="59" type="method" name="getNameModel" visibility="public" complexity="1" crap="1" count="3"/>
            <line num="61" type="stmt" count="3"/>
            <metrics loc="63" ncloc="60" classes="1" methods="3" coveredmethods="2" conditionals="0"
                     coveredconditionals="0" statements="25" coveredstatements="22" elements="28" coveredelements="24"/>
        </file>
        <file name="/Users/redbull/Projects/poc/cli-manage-student/src/Service/FileModel/FileModelXLSXFileEcoleDirecte.php">
            <class name="Studoo\Service\FileModel\FileModelXLSXFileEcoleDirecte" namespace="global">
                <metrics complexity="14" methods="4" coveredmethods="3" conditionals="0" coveredconditionals="0"
                         statements="30" coveredstatements="27" elements="34" coveredelements="30"/>
            </class>
            <line num="15" type="method" name="analyse" visibility="public" complexity="5" crap="5" count="6"/>
            <line num="17" type="stmt" count="6"/>
            <line num="19" type="stmt" count="6"/>
            <line num="20" type="stmt" count="6"/>
            <line num="21" type="stmt" count="6"/>
            <line num="22" type="stmt" count="6"/>
            <line num="24" type="stmt" count="3"/>
            <line num="25" type="stmt" count="3"/>
            <line num="28" type="stmt" count="6"/>
            <line num="34" type="method" name="getStudents" visibility="public" complexity="5" crap="5.39" count="3"/>
            <line num="36" type="stmt" count="3"/>
            <line num="38" type="stmt" count="3"/>
            <line num="40" type="stmt" count="3"/>
            <line num="41" type="stmt" count="3"/>
            <line num="42" type="stmt" count="3"/>
            <line num="44" type="stmt" count="3"/>
            <line num="45" type="stmt" count="0"/>
            <line num="47" type="stmt" count="3"/>
            <line num="49" type="stmt" count="3"/>
            <line num="51" type="stmt" count="0"/>
            <line num="52" type="stmt" count="0"/>
            <line num="56" type="stmt" count="3"/>
            <line num="59" type="method" name="getNameModel" visibility="public" complexity="1" crap="1" count="3"/>
            <line num="61" type="stmt" count="3"/>
            <line num="69" type="method" name="splitStudentName" visibility="private" complexity="3" crap="3"
                  count="3"/>
            <line num="71" type="stmt" count="3"/>
            <line num="72" type="stmt" count="3"/>
            <line num="75" type="stmt" count="3"/>
            <line num="77" type="stmt" count="3"/>
            <line num="78" type="stmt" count="3"/>
            <line num="79" type="stmt" count="3"/>
            <line num="80" type="stmt" count="3"/>
            <line num="83" type="stmt" count="3"/>
            <line num="85" type="stmt" count="3"/>
            <metrics loc="87" ncloc="77" classes="1" methods="4" coveredmethods="3" conditionals="0"
                     coveredconditionals="0" statements="30" coveredstatements="27" elements="34" coveredelements="30"/>
        </file>
        <file name="/Users/redbull/Projects/poc/cli-manage-student/src/Service/FileSystem/Dir.php">
            <class name="Studoo\Service\FileSystem\Dir" namespace="global">
                <metrics complexity="4" methods="2" coveredmethods="1" conditionals="0" coveredconditionals="0"
                         statements="7" coveredstatements="5" elements="9" coveredelements="6"/>
            </class>
            <line num="19" type="method" name="__construct" visibility="public" complexity="1" crap="1" count="11"/>
            <line num="21" type="stmt" count="11"/>
            <line num="30" type="method" name="createDir" visibility="public" complexity="3" crap="3.33" count="11"/>
            <line num="33" type="stmt" count="11"/>
            <line num="34" type="stmt" count="7"/>
            <line num="35" type="stmt" count="7"/>
            <line num="37" type="stmt" count="7"/>
            <line num="38" type="stmt" count="0"/>
            <line num="39" type="stmt" count="0"/>
            <metrics loc="43" ncloc="31" classes="1" methods="2" coveredmethods="1" conditionals="0"
                     coveredconditionals="0" statements="7" coveredstatements="5" elements="9" coveredelements="6"/>
        </file>
        <file name="/Users/redbull/Projects/poc/cli-manage-student/src/Service/FileSystem/FileExtension.php">
            <class name="Studoo\Service\FileSystem\FileExtension" namespace="global">
                <metrics complexity="2" methods="1" coveredmethods="1" conditionals="0" coveredconditionals="0"
                         statements="4" coveredstatements="4" elements="5" coveredelements="5"/>
            </class>
            <line num="23" type="method" name="getListExtensionByName" visibility="public" complexity="2" crap="2"
                  count="11"/>
            <line num="25" type="stmt" count="11"/>
            <line num="26" type="stmt" count="11"/>
            <line num="27" type="stmt" count="11"/>
            <line num="30" type="stmt" count="11"/>
            <metrics loc="33" ncloc="21" classes="1" methods="1" coveredmethods="1" conditionals="0"
                     coveredconditionals="0" statements="4" coveredstatements="4" elements="5" coveredelements="5"/>
        </file>
        <file name="/Users/redbull/Projects/poc/cli-manage-student/src/Service/FileSystem/FileLoader.php">
            <class name="Studoo\Service\FileSystem\FileLoader" namespace="global">
                <metrics complexity="5" methods="2" coveredmethods="0" conditionals="0" coveredconditionals="0"
                         statements="15" coveredstatements="10" elements="17" coveredelements="10"/>
            </class>
            <line num="22" type="method" name="execute" visibility="public" complexity="4" crap="4.37" count="9"/>
            <line num="25" type="stmt" count="9"/>
            <line num="26" type="stmt" count="9"/>
            <line num="28" type="stmt" count="9"/>
            <line num="29" type="stmt" count="9"/>
            <line num="30" type="stmt" count="9"/>
            <line num="31" type="stmt" count="9"/>
            <line num="32" type="stmt" count="9"/>
            <line num="33" type="stmt" count="9"/>
            <line num="34" type="stmt" count="9"/>
            <line num="36" type="stmt" count="9"/>
            <line num="40" type="stmt" count="0"/>
            <line num="42" type="stmt" count="0"/>
            <line num="43" type="stmt" count="0"/>
            <line num="46" type="stmt" count="0"/>
            <line num="54" type="method" name="getModelSelected" visibility="public" complexity="1" crap="2" count="0"/>
            <line num="56" type="stmt" count="0"/>
            <metrics loc="59" ncloc="44" classes="1" methods="2" coveredmethods="0" conditionals="0"
                     coveredconditionals="0" statements="15" coveredstatements="10" elements="17" coveredelements="10"/>
        </file>
        <file name="/Users/redbull/Projects/poc/cli-manage-student/src/Service/FileSystem/FileSelector.php">
            <class name="Studoo\Service\FileSystem\FileSelector" namespace="global">
                <metrics complexity="3" methods="2" coveredmethods="2" conditionals="0" coveredconditionals="0"
                         statements="8" coveredstatements="8" elements="10" coveredelements="10"/>
            </class>
            <line num="21" type="method" name="__construct" visibility="public" complexity="1" crap="1" count="9"/>
            <line num="23" type="stmt" count="9"/>
            <line num="24" type="stmt" count="9"/>
            <line num="33" type="method" name="getFile" visibility="public" complexity="2" crap="2" count="9"/>
            <line num="35" type="stmt" count="9"/>
            <line num="36" type="stmt" count="9"/>
            <line num="37" type="stmt" count="9"/>
            <line num="40" type="stmt" count="9"/>
            <line num="41" type="stmt" count="9"/>
            <line num="43" type="stmt" count="9"/>
            <metrics loc="46" ncloc="34" classes="1" methods="2" coveredmethods="2" conditionals="0"
                     coveredconditionals="0" statements="8" coveredstatements="8" elements="10" coveredelements="10"/>
        </file>
        <file name="/Users/redbull/Projects/poc/cli-manage-student/src/Service/FileSystem/FileSource.php">
            <class name="Studoo\Service\FileSystem\FileSource" namespace="global">
                <metrics complexity="4" methods="4" coveredmethods="3" conditionals="0" coveredconditionals="0"
                         statements="4" coveredstatements="3" elements="8" coveredelements="6"/>
            </class>
            <line num="23" type="method" name="setFileSource" visibility="public" complexity="1" crap="1" count="9"/>
            <line num="25" type="stmt" count="9"/>
            <line num="33" type="method" name="getFileSource" visibility="public" complexity="1" crap="2" count="0"/>
            <line num="35" type="stmt" count="0"/>
            <line num="43" type="method" name="getFilePath" visibility="public" complexity="1" crap="1" count="9"/>
            <line num="45" type="stmt" count="9"/>
            <line num="53" type="method" name="getFileExtension" visibility="public" complexity="1" crap="1" count="9"/>
            <line num="55" type="stmt" count="9"/>
            <metrics loc="59" ncloc="32" classes="1" methods="4" coveredmethods="3" conditionals="0"
                     coveredconditionals="0" statements="4" coveredstatements="3" elements="8" coveredelements="6"/>
        </file>
        <file name="/Users/redbull/Projects/poc/cli-manage-student/src/Service/FileSystem/FinderType.php">
            <class name="Studoo\Service\FileSystem\FinderType" namespace="global">
                <metrics complexity="12" methods="9" coveredmethods="4" conditionals="0" coveredconditionals="0"
                         statements="21" coveredstatements="14" elements="30" coveredelements="18"/>
            </class>
            <line num="24" type="method" name="__construct" visibility="public" complexity="1" crap="1" count="9"/>
            <line num="26" type="stmt" count="9"/>
            <line num="27" type="stmt" count="9"/>
            <line num="35" type="method" name="getFileListAccept" visibility="public" complexity="3" crap="3"
                  count="9"/>
            <line num="37" type="stmt" count="9"/>
            <line num="38" type="stmt" count="9"/>
            <line num="39" type="stmt" count="9"/>
            <line num="40" type="stmt" count="9"/>
            <line num="41" type="stmt" count="9"/>
            <line num="42" type="stmt" count="9"/>
            <line num="45" type="stmt" count="9"/>
            <line num="55" type="method" name="setFileSelected" visibility="public" complexity="2" crap="2.50"
                  count="9"/>
            <line num="57" type="stmt" count="9"/>
            <line num="58" type="stmt" count="9"/>
            <line num="61" type="stmt" count="0"/>
            <line num="62" type="stmt" count="0"/>
            <line num="70" type="method" name="getPathCurrent" visibility="public" complexity="1" crap="1" count="9"/>
            <line num="72" type="stmt" count="9"/>
            <line num="80" type="method" name="isValidationPath" visibility="public" complexity="1" crap="2" count="0"/>
            <line num="82" type="stmt" count="0"/>
            <line num="83" type="stmt" count="0"/>
            <line num="94" type="method" name="setPath" visibility="public" complexity="1" crap="1" count="9"/>
            <line num="96" type="stmt" count="9"/>
            <line num="97" type="stmt" count="9"/>
            <line num="105" type="method" name="getPath" visibility="public" complexity="1" crap="2" count="0"/>
            <line num="107" type="stmt" count="0"/>
            <line num="115" type="method" name="getListSplFileInfo" visibility="public" complexity="1" crap="2"
                  count="0"/>
            <line num="117" type="stmt" count="0"/>
            <line num="125" type="method" name="getListFilename" visibility="public" complexity="1" crap="2" count="0"/>
            <line num="127" type="stmt" count="0"/>
            <metrics loc="131" ncloc="80" classes="1" methods="9" coveredmethods="4" conditionals="0"
                     coveredconditionals="0" statements="21" coveredstatements="14" elements="30" coveredelements="18"/>
        </file>
        <file name="/Users/redbull/Projects/poc/cli-manage-student/src/Service/FileType/FileTypeInterface.php">
            <metrics loc="19" ncloc="9" classes="0" methods="0" coveredmethods="0" conditionals="0"
                     coveredconditionals="0" statements="0" coveredstatements="0" elements="0" coveredelements="0"/>
        </file>
        <file name="/Users/redbull/Projects/poc/cli-manage-student/src/Service/FileType/FileTypeXLSX.php">
            <class name="Studoo\Service\FileType\FileTypeXLSX" namespace="global">
                <metrics complexity="3" methods="1" coveredmethods="0" conditionals="0" coveredconditionals="0"
                         statements="5" coveredstatements="2" elements="6" coveredelements="2"/>
            </class>
            <line num="17" type="method" name="getContent" visibility="public" complexity="3" crap="4.94" count="9"/>
            <line num="20" type="stmt" count="9"/>
            <line num="21" type="stmt" count="9"/>
            <line num="23" type="stmt" count="0"/>
            <line num="25" type="stmt" count="0"/>
            <line num="26" type="stmt" count="0"/>
            <metrics loc="29" ncloc="23" classes="1" methods="1" coveredmethods="0" conditionals="0"
                     coveredconditionals="0" statements="5" coveredstatements="2" elements="6" coveredelements="2"/>
        </file>
        <file name="/Users/redbull/Projects/poc/cli-manage-student/src/Service/NomanclatureService.php">
            <class name="Studoo\Service\NomanclatureService" namespace="global">
                <metrics complexity="4" methods="3" coveredmethods="3" conditionals="0" coveredconditionals="0"
                         statements="10" coveredstatements="10" elements="13" coveredelements="13"/>
            </class>
            <line num="21" type="method" name="getNameWithoutType" visibility="public" complexity="1" crap="1"
                  count="18"/>
            <line num="23" type="stmt" count="18"/>
            <line num="24" type="stmt" count="18"/>
            <line num="26" type="stmt" count="18"/>
            <line num="28" type="stmt" count="18"/>
            <line num="37" type="method" name="getHashForId" visibility="public" complexity="2" crap="2" count="9"/>
            <line num="39" type="stmt" count="9"/>
            <line num="40" type="stmt" count="9"/>
            <line num="42" type="stmt" count="9"/>
            <line num="44" type="stmt" count="9"/>
            <line num="46" type="stmt" count="9"/>
            <line num="55" type="method" name="getDateToString" visibility="public" complexity="1" crap="1" count="19"/>
            <line num="57" type="stmt" count="19"/>
            <metrics loc="60" ncloc="36" classes="1" methods="3" coveredmethods="3" conditionals="0"
                     coveredconditionals="0" statements="10" coveredstatements="10" elements="13" coveredelements="13"/>
        </file>
        <file name="/Users/redbull/Projects/poc/cli-manage-student/src/Service/StandardRaw.php">
            <class name="Studoo\Service\StandardRaw" namespace="global">
                <metrics complexity="10" methods="5" coveredmethods="5" conditionals="0" coveredconditionals="0"
                         statements="8" coveredstatements="8" elements="13" coveredelements="13"/>
            </class>
            <line num="19" type="method" name="normalizeSRString" visibility="public" complexity="2" crap="2"
                  count="20"/>
            <line num="21" type="stmt" count="20"/>
            <line num="30" type="method" name="normalizeSRSUcfirst" visibility="public" complexity="2" crap="2"
                  count="20"/>
            <line num="32" type="stmt" count="20"/>
            <line num="44" type="method" name="normalizeSRUtf8" visibility="public" complexity="2" crap="2" count="12"/>
            <line num="46" type="stmt" count="12"/>
            <line num="54" type="method" name="clean" visibility="private" complexity="3" crap="3" count="31"/>
            <line num="56" type="stmt" count="31"/>
            <line num="76" type="stmt" count="31"/>
            <line num="77" type="stmt" count="31"/>
            <line num="78" type="stmt" count="31"/>
            <line num="86" type="method" name="cleanBeginToEndWhiteSpace" visibility="private" complexity="1" crap="1"
                  count="25"/>
            <line num="88" type="stmt" count="25"/>
            <metrics loc="91" ncloc="52" classes="1" methods="5" coveredmethods="5" conditionals="0"
                     coveredconditionals="0" statements="8" coveredstatements="8" elements="13" coveredelements="13"/>
        </file>
        <file name="/Users/redbull/Projects/poc/cli-manage-student/src/Service/listCommand.php">
            <class name="Studoo\Service\listCommand" namespace="global">
                <metrics complexity="2" methods="2" coveredmethods="0" conditionals="0" coveredconditionals="0"
                         statements="8" coveredstatements="0" elements="10" coveredelements="0"/>
            </class>
            <line num="25" type="method" name="__construct" visibility="public" complexity="1" crap="2" count="0"/>
            <line num="27" type="stmt" count="0"/>
            <line num="28" type="stmt" count="0"/>
            <line num="36" type="method" name="render" visibility="public" complexity="1" crap="2" count="0"/>
            <line num="38" type="stmt" count="0"/>
            <line num="41" type="stmt" count="0"/>
            <line num="43" type="stmt" count="0"/>
            <line num="44" type="stmt" count="0"/>
            <line num="45" type="stmt" count="0"/>
            <line num="46" type="stmt" count="0"/>
            <metrics loc="50" ncloc="39" classes="1" methods="2" coveredmethods="0" conditionals="0"
                     coveredconditionals="0" statements="8" coveredstatements="0" elements="10" coveredelements="0"/>
        </file>
        <metrics files="36" loc="1916" ncloc="1395" classes="28" methods="99" coveredmethods="70" conditionals="0"
                 coveredconditionals="0" statements="367" coveredstatements="283" elements="466" coveredelements="353"/>
    </project>
</coverage>
